ACHIEVEMENT DIAMOND1 turns: 2 time: 15 at: 1575367612 ver: 11.2d c: 0 date: Tue Dec  3 10:07:07 2019
ACHIEVEMENT DIAMOND2 turns: 165 time: 105 at: 1575367612 ver: 11.2d c: 0 date: Tue Dec  3 10:08:37 2019
ACHIEVEMENT FEATHER1 turns: 204 time: 123 at: 1575367612 ver: 11.2d c: 0 date: Tue Dec  3 10:08:55 2019
ACHIEVEMENT FLASH1 turns: 244 time: 150 at: 1575367612 ver: 11.2d c: 0 date: Tue Dec  3 10:09:22 2019
ACHIEVEMENT FALLDEATH1 turns: 398 time: 244 at: 1575367612 ver: 11.2d c: 0 date: Tue Dec  3 10:10:56 2019
ACHIEVEMENT FEATHER2 turns: 409 time: 248 at: 1575367612 ver: 11.2d c: 0 date: Tue Dec  3 10:11:00 2019
ACHIEVEMENT GOLD1 turns: 429 time: 255 at: 1575367612 ver: 11.2d c: 0 date: Tue Dec  3 10:11:07 2019
HyperRogue: game statistics (version 11.2d)
11.2d 1575367612 1575367884 56 35 438 43478 0 30 1 0 0 0 0 0 0 0 25 0 0 0 4 0 3 17 6 0 0 0 0 0 0 0 0 0 0 0 0 0 0 0 0 0 0 0 0 0 0 0 0 0 0 0 0 0 0 0 0 0 0 0 0 0 0 12 0 272 1 0 13 0 0 0 0 0 0 0 0 7 0 0 0 0 0 0 0 0 0 0 0 0 0 0 0 0 0 0 0 0 0 0 0 0 0 0 0 0 0 0 0 0 0 0 0 0 0 0 0 0 0 0 4 0 0 0 0 0 0 0 0 0 0 0 0 0 0 0 0 0 0 0 0 0 0 0 0 0 0 0 0 0 0 0 0 0 0 0 0 0 0 0 0 0 0 0 0 0 0 0 0 0 0 0 0 0 0 0 0 0 0 0 0 0 0 0 1 0 0 0 0 0 0 0 0 0 0 0 0 1 0 0 0 0 0 0 0 0 0 0 0 2037102195 56 0 1 0 0 0 0 0 0 0 0 0 0 0 0 0 0 0 0 0 0 0 0 0 0 0 0 0 0 0 0 0 0 0 0 0 0 0 0 0 0 0 0 0 0 0 0 0 1 0 0 0 0 2 0 0 0 0 0 0 2 0 0 0 0 0 0 0 0 0 0 0 0 0 0 0 0 0 0 0 0 0 0 0 0 0 0 0 0 0 0 0 0 0 0 4 1 1687982538 0 0 0 0 0 0 0 0 0 0 0 0 0 0 0 0 0 0 0 0 0 0 0 0 0 0 0 0 0 0 0 0 0 0 1 0 0 150 0 0 0 0 0 0 0 0 0 0 0 0 0 0 0 0 0 0 0 0 0 0 0 0 0
Played on: Tue Dec  3 10:06:52 2019 - Tue Dec  3 10:11:24 2019 (438 turns)
Total wealth: 56
Total enemies killed: 35
cells generated: 43478
Inventory mode
Number of cells explored, by distance from the player:
 391 1253 2475 4457 7817 13550 23409 40379 69581 119879
walls melted: 3
cells travelled: 0

  30x Ice Diamond
   1x Gold
  25x Phoenix Feather
   4x Dead Orb
   7x Orb of Safety
   1x your orbs

  17x Yeti
   6x Icewolf
  12x Running Dog



